<?xml version="1.0" encoding="UTF-8"?>
<!-- Generated by org.testng.reporters.JUnitXMLReporter -->
<testsuite ignored="0" hostname="DESKTOP-S0T1IE0" failures="0" tests="9" name="Test" time="0.177" errors="0" timestamp="2023-09-05T16:22:04 IST">
  <testcase classname="TestNG.sample3" name="tc7" time="0.023"/>
  <testcase classname="TestNG.sample3" name="tc8" time="0.01"/>
  <testcase classname="TestNG.sample3" name="tc9" time="0.004"/>
  <testcase classname="TestNG.sample1" name="tc1" time="0.004"/>
  <testcase classname="TestNG.sample1" name="tc2" time="0.005"/>
  <testcase classname="TestNG.sample1" name="tc3" time="0.008"/>
  <testcase classname="TestNG.sample2" name="tc4" time="0.005"/>
  <testcase classname="TestNG.sample2" name="tc5" time="0.006"/>
  <testcase classname="TestNG.sample2" name="tc6" time="0.003"/>
</testsuite> <!-- Test -->
