<?xml version="1.0" encoding="UTF-8"?>
<testng-results ignored="0" total="1" passed="1" failed="0" skipped="0">
  <reporter-output>
    <line>
      <![CDATA[==connect of Database==]]>
    </line>
    <line>
      <![CDATA[==open the Browser==]]>
    </line>
    <line>
      <![CDATA[==login the Application==]]>
    </line>
    <line>
      <![CDATA[== logout the application==]]>
    </line>
    <line>
      <![CDATA[==boss i am main TestCase==]]>
    </line>
    <line>
      <![CDATA[==close the browser==]]>
    </line>
    <line>
      <![CDATA[==disconnect the database==]]>
    </line>
  </reporter-output>
  <suite started-at="2023-09-08T10:51:53 IST" name="Default suite" finished-at="2023-09-08T10:51:54 IST" duration-ms="290">
    <groups>
    </groups>
    <test started-at="2023-09-08T10:51:53 IST" name="Default test" finished-at="2023-09-08T10:51:54 IST" duration-ms="290">
      <class name="TestNG.annotations">
        <test-method is-config="true" signature="m1()[pri:0, instance:TestNG.annotations@2d710f1a]" started-at="2023-09-08T10:51:53 IST" name="m1" finished-at="2023-09-08T10:51:53 IST" duration-ms="36" status="PASS">
          <reporter-output>
            <line>
              <![CDATA[==connect of Database==]]>
            </line>
          </reporter-output>
        </test-method> <!-- m1 -->
        <test-method is-config="true" signature="m2()[pri:0, instance:TestNG.annotations@2d710f1a]" started-at="2023-09-08T10:51:53 IST" name="m2" finished-at="2023-09-08T10:51:53 IST" duration-ms="1" status="PASS">
          <reporter-output>
            <line>
              <![CDATA[==open the Browser==]]>
            </line>
          </reporter-output>
        </test-method> <!-- m2 -->
        <test-method is-config="true" signature="m3()[pri:0, instance:TestNG.annotations@2d710f1a]" started-at="2023-09-08T10:51:53 IST" name="m3" finished-at="2023-09-08T10:51:53 IST" duration-ms="0" status="PASS">
          <reporter-output>
            <line>
              <![CDATA[==login the Application==]]>
            </line>
          </reporter-output>
        </test-method> <!-- m3 -->
        <test-method is-config="true" signature="m4()[pri:0, instance:TestNG.annotations@2d710f1a]" started-at="2023-09-08T10:51:53 IST" name="m4" finished-at="2023-09-08T10:51:53 IST" duration-ms="0" status="PASS">
          <reporter-output>
            <line>
              <![CDATA[== logout the application==]]>
            </line>
          </reporter-output>
        </test-method> <!-- m4 -->
        <test-method signature="t1()[pri:0, instance:TestNG.annotations@2d710f1a]" started-at="2023-09-08T10:51:53 IST" name="t1" finished-at="2023-09-08T10:51:54 IST" duration-ms="37" status="PASS">
          <reporter-output>
            <line>
              <![CDATA[==boss i am main TestCase==]]>
            </line>
          </reporter-output>
        </test-method> <!-- t1 -->
        <test-method is-config="true" signature="m5()[pri:0, instance:TestNG.annotations@2d710f1a]" started-at="2023-09-08T10:51:54 IST" name="m5" finished-at="2023-09-08T10:51:54 IST" duration-ms="1" status="PASS">
          <reporter-output>
            <line>
              <![CDATA[==close the browser==]]>
            </line>
          </reporter-output>
        </test-method> <!-- m5 -->
        <test-method is-config="true" signature="m6()[pri:0, instance:TestNG.annotations@2d710f1a]" started-at="2023-09-08T10:51:54 IST" name="m6" finished-at="2023-09-08T10:51:54 IST" duration-ms="2" status="PASS">
          <reporter-output>
            <line>
              <![CDATA[==disconnect the database==]]>
            </line>
          </reporter-output>
        </test-method> <!-- m6 -->
      </class> <!-- TestNG.annotations -->
    </test> <!-- Default test -->
  </suite> <!-- Default suite -->
</testng-results>
